  [1m[35m (2.3ms)[0m  [1m[34mSELECT sqlite_version(*)[0m
  [1m[35m (2.3ms)[0m  [1m[35mCREATE TABLE "schema_migrations" ("version" varchar NOT NULL PRIMARY KEY)[0m
  [1m[35m (2.2ms)[0m  [1m[35mCREATE TABLE "ar_internal_metadata" ("key" varchar NOT NULL PRIMARY KEY, "value" varchar, "created_at" datetime(6) NOT NULL, "updated_at" datetime(6) NOT NULL)[0m
  [1m[35m (0.2ms)[0m  [1m[34mSELECT "schema_migrations"."version" FROM "schema_migrations" ORDER BY "schema_migrations"."version" ASC[0m
Migrating to CreateEmails (20200827190115)
  [1m[35m (0.1ms)[0m  [1m[36mbegin transaction[0m
  [1m[35m (1.1ms)[0m  [1m[35mCREATE TABLE "emails" ("id" integer PRIMARY KEY AUTOINCREMENT NOT NULL, "objet" varchar, "body" text, "created_at" datetime(6) NOT NULL, "updated_at" datetime(6) NOT NULL)[0m
  [1m[36mprimary::SchemaMigration Create (0.2ms)[0m  [1m[32mINSERT INTO "schema_migrations" ("version") VALUES (?)[0m  [["version", "20200827190115"]]
  [1m[35m (1.8ms)[0m  [1m[36mcommit transaction[0m
  [1m[36mActiveRecord::InternalMetadata Load (0.2ms)[0m  [1m[34mSELECT "ar_internal_metadata".* FROM "ar_internal_metadata" WHERE "ar_internal_metadata"."key" = ? LIMIT ?[0m  [["key", "environment"], ["LIMIT", 1]]
  [1m[35m (0.1ms)[0m  [1m[36mbegin transaction[0m
  [1m[36mActiveRecord::InternalMetadata Create (0.5ms)[0m  [1m[32mINSERT INTO "ar_internal_metadata" ("key", "value", "created_at", "updated_at") VALUES (?, ?, ?, ?)[0m  [["key", "environment"], ["value", "development"], ["created_at", "2020-08-27 19:16:54.518018"], ["updated_at", "2020-08-27 19:16:54.518018"]]
  [1m[35m (1.5ms)[0m  [1m[36mcommit transaction[0m
  [1m[35m (0.1ms)[0m  [1m[34mSELECT sqlite_version(*)[0m
  [1m[35m (0.1ms)[0m  [1m[34mSELECT "schema_migrations"."version" FROM "schema_migrations" ORDER BY "schema_migrations"."version" ASC[0m
  [1m[35m (2.2ms)[0m  [1m[34mSELECT sqlite_version(*)[0m
  [1m[35m (0.2ms)[0m  [1m[34mSELECT "schema_migrations"."version" FROM "schema_migrations" ORDER BY "schema_migrations"."version" ASC[0m
  [1m[35m (0.1ms)[0m  [1m[34mSELECT sqlite_version(*)[0m
  [1m[35m (17.4ms)[0m  [1m[34mSELECT sqlite_version(*)[0m
  [1m[35m (0.7ms)[0m  [1m[34mSELECT "schema_migrations"."version" FROM "schema_migrations" ORDER BY "schema_migrations"."version" ASC[0m
  [1m[35m (0.1ms)[0m  [1m[34mSELECT sqlite_version(*)[0m
  [1m[35m (0.2ms)[0m  [1m[36mbegin transaction[0m
  [1m[36mEmail Create (2.2ms)[0m  [1m[32mINSERT INTO "emails" ("objet", "body", "created_at", "updated_at") VALUES (?, ?, ?, ?)[0m  [["objet", "Blablabla"], ["body", "Bonjour, Blabla blaaaaa."], ["created_at", "2020-08-27 19:19:34.300940"], ["updated_at", "2020-08-27 19:19:34.300940"]]
  [1m[35m (11.1ms)[0m  [1m[36mcommit transaction[0m
  [1m[35m (0.1ms)[0m  [1m[36mbegin transaction[0m
  [1m[36mEmail Create (0.5ms)[0m  [1m[32mINSERT INTO "emails" ("objet", "body", "created_at", "updated_at") VALUES (?, ?, ?, ?)[0m  [["objet", "Inviation de Mariage"], ["body", "Vous êtes invité au marriage de Julia & Paul au chateau de Vincennes"], ["created_at", "2020-08-27 19:19:34.319426"], ["updated_at", "2020-08-27 19:19:34.319426"]]
  [1m[35m (1.8ms)[0m  [1m[36mcommit transaction[0m
  [1m[35m (0.1ms)[0m  [1m[36mbegin transaction[0m
  [1m[36mEmail Create (0.5ms)[0m  [1m[32mINSERT INTO "emails" ("objet", "body", "created_at", "updated_at") VALUES (?, ?, ?, ?)[0m  [["objet", "Facture FREEBOX"], ["body", "PDF généré automatiquement"], ["created_at", "2020-08-27 19:19:34.335552"], ["updated_at", "2020-08-27 19:19:34.335552"]]
  [1m[35m (7.9ms)[0m  [1m[36mcommit transaction[0m
  [1m[35m (0.1ms)[0m  [1m[36mbegin transaction[0m
  [1m[36mEmail Create (0.6ms)[0m  [1m[32mINSERT INTO "emails" ("objet", "body", "created_at", "updated_at") VALUES (?, ?, ?, ?)[0m  [["objet", "hellooooo"], ["body", "çaaaaa vaaaaaaaa ??????"], ["created_at", "2020-08-27 19:19:34.350101"], ["updated_at", "2020-08-27 19:19:34.350101"]]
  [1m[35m (1.9ms)[0m  [1m[36mcommit transaction[0m
  [1m[35m (0.1ms)[0m  [1m[36mbegin transaction[0m
  [1m[36mEmail Create (1.8ms)[0m  [1m[32mINSERT INTO "emails" ("objet", "body", "created_at", "updated_at") VALUES (?, ?, ?, ?)[0m  [["objet", "Bonjour José"], ["body", "Bonjour José, Veuillez cliquer ici pour reçevoir votre cadeau"], ["created_at", "2020-08-27 19:19:34.357552"], ["updated_at", "2020-08-27 19:19:34.357552"]]
  [1m[35m (2.8ms)[0m  [1m[36mcommit transaction[0m
  [1m[35m (0.1ms)[0m  [1m[36mbegin transaction[0m
  [1m[36mEmail Create (0.6ms)[0m  [1m[32mINSERT INTO "emails" ("objet", "body", "created_at", "updated_at") VALUES (?, ?, ?, ?)[0m  [["objet", "Bjfdkjfkd"], ["body", "jkfjfk fd f,dfdfjkdf."], ["created_at", "2020-08-27 19:19:34.396295"], ["updated_at", "2020-08-27 19:19:34.396295"]]
  [1m[35m (2.1ms)[0m  [1m[36mcommit transaction[0m
  [1m[35m (0.1ms)[0m  [1m[36mbegin transaction[0m
  [1m[36mEmail Create (1.2ms)[0m  [1m[32mINSERT INTO "emails" ("objet", "body", "created_at", "updated_at") VALUES (?, ?, ?, ?)[0m  [["objet", "Entretien de motivation"], ["body", "M.José, nous vous confirmon votre entretien le 20/10/2020 à 9h00 dans nos locaux"], ["created_at", "2020-08-27 19:19:34.406513"], ["updated_at", "2020-08-27 19:19:34.406513"]]
  [1m[35m (8.0ms)[0m  [1m[36mcommit transaction[0m
  [1m[35m (0.1ms)[0m  [1m[36mbegin transaction[0m
  [1m[36mEmail Create (0.8ms)[0m  [1m[32mINSERT INTO "emails" ("objet", "body", "created_at", "updated_at") VALUES (?, ?, ?, ?)[0m  [["objet", "Euro millions"], ["body", "Vous avez gagné !!!! "], ["created_at", "2020-08-27 19:19:34.429991"], ["updated_at", "2020-08-27 19:19:34.429991"]]
  [1m[35m (3.2ms)[0m  [1m[36mcommit transaction[0m
  [1m[35m (0.1ms)[0m  [1m[36mbegin transaction[0m
  [1m[36mEmail Create (2.8ms)[0m  [1m[32mINSERT INTO "emails" ("objet", "body", "created_at", "updated_at") VALUES (?, ?, ?, ?)[0m  [["objet", "facture EDF"], ["body", "Bonjour, veuillez trouver en pièce jointe votre facture."], ["created_at", "2020-08-27 19:19:34.489000"], ["updated_at", "2020-08-27 19:19:34.489000"]]
  [1m[35m (2.0ms)[0m  [1m[36mcommit transaction[0m
  [1m[35m (0.1ms)[0m  [1m[36mbegin transaction[0m
  [1m[36mEmail Create (1.3ms)[0m  [1m[32mINSERT INTO "emails" ("objet", "body", "created_at", "updated_at") VALUES (?, ?, ?, ?)[0m  [["objet", "rdv installation box"], ["body", "Bonjour José, votre freebox sera installé le 10/01/2021"], ["created_at", "2020-08-27 19:19:34.506672"], ["updated_at", "2020-08-27 19:19:34.506672"]]
  [1m[35m (1.7ms)[0m  [1m[36mcommit transaction[0m
Started GET "/" for ::1 at 2020-08-27 22:27:28 +0200
  [1m[35m (4.9ms)[0m  [1m[34mSELECT sqlite_version(*)[0m
  [1m[35m (2.5ms)[0m  [1m[34mSELECT "schema_migrations"."version" FROM "schema_migrations" ORDER BY "schema_migrations"."version" ASC[0m
Processing by EmailController#index as HTML
  Rendering email/index.html.erb within layouts/application
  Rendered email/index.html.erb within layouts/application (Duration: 3.7ms | Allocations: 379)
[Webpacker] Compiling...
[Webpacker] Compiled all packs in /Users/afsaneh/Desktop/gmail_ajax/public/packs
[Webpacker] Hash: 15d1bb7b54cf6326b9ba
Version: webpack 4.44.1
Time: 4694ms
Built at: 27/08/2020 22:27:39
                                     Asset       Size       Chunks                         Chunk Names
    js/application-9afcbb5693aa87623e69.js    124 KiB  application  [emitted] [immutable]  application
js/application-9afcbb5693aa87623e69.js.map    139 KiB  application  [emitted] [dev]        application
                             manifest.json  364 bytes               [emitted]              
Entrypoint application = js/application-9afcbb5693aa87623e69.js js/application-9afcbb5693aa87623e69.js.map
[./app/javascript/channels sync recursive _channel\.js$] ./app/javascript/channels sync _channel\.js$ 160 bytes {application} [built]
[./app/javascript/channels/index.js] 211 bytes {application} [built]
[./app/javascript/packs/application.js] 749 bytes {application} [built]
[./node_modules/webpack/buildin/module.js] (webpack)/buildin/module.js 552 bytes {application} [built]
    + 3 hidden modules

Completed 200 OK in 10491ms (Views: 10484.3ms | ActiveRecord: 0.0ms | Allocations: 20362)


Started GET "/" for ::1 at 2020-08-27 22:32:32 +0200
Processing by EmailController#index as HTML
  Rendering email/index.html.erb within layouts/application
  Rendered email/index.html.erb within layouts/application (Duration: 0.7ms | Allocations: 114)
[Webpacker] Everything's up-to-date. Nothing to do
Completed 200 OK in 28ms (Views: 26.3ms | ActiveRecord: 0.0ms | Allocations: 5234)


Started GET "/" for ::1 at 2020-08-27 22:37:24 +0200
Processing by EmailController#index as HTML
  Rendering email/index.html.erb within layouts/application
  Rendered email/index.html.erb within layouts/application (Duration: 0.6ms | Allocations: 118)
[Webpacker] Everything's up-to-date. Nothing to do
Completed 200 OK in 36ms (Views: 34.0ms | ActiveRecord: 0.0ms | Allocations: 5233)


Started GET "/" for ::1 at 2020-08-27 22:38:01 +0200
Processing by EmailController#index as HTML
  Rendering email/index.html.erb within layouts/application
  Rendered email/index.html.erb within layouts/application (Duration: 0.5ms | Allocations: 117)
[Webpacker] Everything's up-to-date. Nothing to do
Completed 200 OK in 25ms (Views: 23.5ms | ActiveRecord: 0.0ms | Allocations: 5236)


Started GET "/" for ::1 at 2020-08-27 22:38:33 +0200
Processing by EmailController#index as HTML
  Rendering email/index.html.erb within layouts/application
  Rendered email/index.html.erb within layouts/application (Duration: 0.6ms | Allocations: 118)
[Webpacker] Everything's up-to-date. Nothing to do
Completed 200 OK in 35ms (Views: 32.4ms | ActiveRecord: 0.0ms | Allocations: 5232)


Started GET "/" for ::1 at 2020-08-27 22:38:40 +0200
Processing by EmailController#index as HTML
  Rendering email/index.html.erb within layouts/application
  Rendered email/index.html.erb within layouts/application (Duration: 0.6ms | Allocations: 116)
[Webpacker] Everything's up-to-date. Nothing to do
Completed 200 OK in 22ms (Views: 20.1ms | ActiveRecord: 0.0ms | Allocations: 5241)


Started GET "/" for ::1 at 2020-08-27 22:39:43 +0200
Processing by EmailController#index as HTML
  Rendering email/index.html.erb within layouts/application
  Rendered email/index.html.erb within layouts/application (Duration: 0.5ms | Allocations: 119)
[Webpacker] Everything's up-to-date. Nothing to do
Completed 200 OK in 29ms (Views: 26.5ms | ActiveRecord: 0.0ms | Allocations: 5229)


Started GET "/" for ::1 at 2020-08-27 22:40:07 +0200
Processing by EmailController#index as HTML
  Rendering email/index.html.erb within layouts/application
  Rendered email/index.html.erb within layouts/application (Duration: 0.1ms | Allocations: 4)
[Webpacker] Everything's up-to-date. Nothing to do
Completed 200 OK in 37ms (Views: 34.2ms | ActiveRecord: 0.0ms | Allocations: 4218)


Started GET "/" for ::1 at 2020-08-27 22:40:15 +0200
Processing by EmailController#index as HTML
  Rendering email/index.html.erb within layouts/application
  Rendered email/index.html.erb within layouts/application (Duration: 0.7ms | Allocations: 119)
[Webpacker] Everything's up-to-date. Nothing to do
Completed 200 OK in 35ms (Views: 31.5ms | ActiveRecord: 0.0ms | Allocations: 5240)


Started GET "/" for ::1 at 2020-08-27 22:41:54 +0200
Processing by EmailController#index as HTML
  Rendering email/index.html.erb within layouts/application
  Rendered email/index.html.erb within layouts/application (Duration: 0.6ms | Allocations: 116)
[Webpacker] Everything's up-to-date. Nothing to do
Completed 200 OK in 28ms (Views: 25.7ms | ActiveRecord: 0.0ms | Allocations: 5233)


Started GET "/" for ::1 at 2020-08-27 22:42:07 +0200
Processing by EmailController#index as HTML
  Rendering email/index.html.erb within layouts/application
  Rendered email/index.html.erb within layouts/application (Duration: 0.8ms | Allocations: 116)
[Webpacker] Everything's up-to-date. Nothing to do
Completed 200 OK in 84ms (Views: 81.4ms | ActiveRecord: 0.0ms | Allocations: 5233)


Started GET "/" for ::1 at 2020-08-27 22:42:19 +0200
Processing by EmailController#index as HTML
  Rendering email/index.html.erb within layouts/application
  Rendered email/index.html.erb within layouts/application (Duration: 0.4ms | Allocations: 119)
[Webpacker] Everything's up-to-date. Nothing to do
Completed 200 OK in 27ms (Views: 25.6ms | ActiveRecord: 0.0ms | Allocations: 5237)


Started GET "/" for ::1 at 2020-08-27 22:42:34 +0200
Processing by EmailController#index as HTML
  Rendering email/index.html.erb within layouts/application
  Rendered email/index.html.erb within layouts/application (Duration: 0.5ms | Allocations: 115)
[Webpacker] Everything's up-to-date. Nothing to do
Completed 200 OK in 17ms (Views: 14.6ms | ActiveRecord: 0.0ms | Allocations: 5227)


Started GET "/" for ::1 at 2020-08-27 22:44:07 +0200
Processing by EmailController#index as HTML
  Rendering email/index.html.erb within layouts/application
  Rendered email/index.html.erb within layouts/application (Duration: 0.6ms | Allocations: 118)
[Webpacker] Everything's up-to-date. Nothing to do
Completed 200 OK in 37ms (Views: 34.8ms | ActiveRecord: 0.0ms | Allocations: 5226)


Started GET "/" for ::1 at 2020-08-27 22:44:41 +0200
Processing by EmailController#index as HTML
  Rendering email/index.html.erb within layouts/application
  Rendered email/index.html.erb within layouts/application (Duration: 0.7ms | Allocations: 118)
[Webpacker] Everything's up-to-date. Nothing to do
Completed 200 OK in 17ms (Views: 15.3ms | ActiveRecord: 0.0ms | Allocations: 5232)


Started GET "/" for ::1 at 2020-08-27 22:44:48 +0200
Processing by EmailController#index as HTML
  Rendering email/index.html.erb within layouts/application
  Rendered email/index.html.erb within layouts/application (Duration: 0.6ms | Allocations: 118)
[Webpacker] Everything's up-to-date. Nothing to do
Completed 200 OK in 18ms (Views: 16.0ms | ActiveRecord: 0.0ms | Allocations: 5228)


Started GET "/" for ::1 at 2020-08-27 22:48:39 +0200
Processing by EmailController#index as HTML
  Rendering email/index.html.erb within layouts/application
  Rendered email/index.html.erb within layouts/application (Duration: 2.1ms | Allocations: 115)
[Webpacker] Everything's up-to-date. Nothing to do
Completed 200 OK in 34ms (Views: 32.9ms | ActiveRecord: 0.0ms | Allocations: 5232)


Started GET "/" for ::1 at 2020-08-27 22:48:43 +0200
Processing by EmailController#index as HTML
  Rendering email/index.html.erb within layouts/application
  Rendered email/index.html.erb within layouts/application (Duration: 0.1ms | Allocations: 4)
[Webpacker] Everything's up-to-date. Nothing to do
Completed 200 OK in 14ms (Views: 12.9ms | ActiveRecord: 0.0ms | Allocations: 4213)


Started GET "/" for ::1 at 2020-08-27 22:49:27 +0200
Processing by EmailController#index as HTML
  Rendering email/index.html.erb within layouts/application
  Rendered email/index.html.erb within layouts/application (Duration: 0.6ms | Allocations: 117)
[Webpacker] Everything's up-to-date. Nothing to do
Completed 200 OK in 46ms (Views: 43.5ms | ActiveRecord: 0.0ms | Allocations: 5228)


Started GET "/" for ::1 at 2020-08-27 22:50:21 +0200
Processing by EmailController#index as HTML
  Rendering email/index.html.erb within layouts/application
  Rendered email/index.html.erb within layouts/application (Duration: 0.5ms | Allocations: 117)
[Webpacker] Everything's up-to-date. Nothing to do
Completed 200 OK in 31ms (Views: 28.9ms | ActiveRecord: 0.0ms | Allocations: 5224)


Started GET "/" for ::1 at 2020-08-27 22:50:59 +0200
Processing by EmailController#index as HTML
  Rendering email/index.html.erb within layouts/application
  Rendered email/index.html.erb within layouts/application (Duration: 0.5ms | Allocations: 117)
[Webpacker] Everything's up-to-date. Nothing to do
Completed 200 OK in 22ms (Views: 19.3ms | ActiveRecord: 0.0ms | Allocations: 5231)


Started GET "/" for ::1 at 2020-08-27 22:51:16 +0200
Processing by EmailController#index as HTML
  Rendering email/index.html.erb within layouts/application
  Rendered email/index.html.erb within layouts/application (Duration: 0.4ms | Allocations: 115)
[Webpacker] Everything's up-to-date. Nothing to do
Completed 200 OK in 18ms (Views: 16.4ms | ActiveRecord: 0.0ms | Allocations: 5232)


Started GET "/" for ::1 at 2020-08-27 22:51:37 +0200
Processing by EmailController#index as HTML
  Rendering email/index.html.erb within layouts/application
  Rendered email/index.html.erb within layouts/application (Duration: 0.7ms | Allocations: 115)
[Webpacker] Everything's up-to-date. Nothing to do
Completed 200 OK in 27ms (Views: 23.7ms | ActiveRecord: 0.0ms | Allocations: 5233)


Started GET "/" for ::1 at 2020-08-27 22:51:57 +0200
Processing by EmailController#index as HTML
  Rendering email/index.html.erb within layouts/application
  Rendered email/index.html.erb within layouts/application (Duration: 0.4ms | Allocations: 115)
[Webpacker] Everything's up-to-date. Nothing to do
Completed 200 OK in 18ms (Views: 15.8ms | ActiveRecord: 0.0ms | Allocations: 5226)


Started GET "/" for ::1 at 2020-08-27 22:52:10 +0200
Processing by EmailController#index as HTML
  Rendering email/index.html.erb within layouts/application
  Rendered email/index.html.erb within layouts/application (Duration: 0.7ms | Allocations: 115)
[Webpacker] Everything's up-to-date. Nothing to do
Completed 200 OK in 29ms (Views: 27.1ms | ActiveRecord: 0.0ms | Allocations: 5225)


Started GET "/" for ::1 at 2020-08-27 22:57:24 +0200
Processing by EmailController#index as HTML
  Rendering email/index.html.erb within layouts/application
  Rendered email/index.html.erb within layouts/application (Duration: 1.0ms | Allocations: 117)
[Webpacker] Everything's up-to-date. Nothing to do
Completed 200 OK in 46ms (Views: 43.2ms | ActiveRecord: 0.0ms | Allocations: 5233)


Started GET "/" for ::1 at 2020-08-27 22:58:08 +0200
Processing by EmailController#index as HTML
  Rendering email/index.html.erb within layouts/application
  Rendered email/index.html.erb within layouts/application (Duration: 0.9ms | Allocations: 120)
[Webpacker] Everything's up-to-date. Nothing to do
Completed 200 OK in 71ms (Views: 69.3ms | ActiveRecord: 0.0ms | Allocations: 5243)


Started GET "/" for ::1 at 2020-08-27 22:58:35 +0200
Processing by EmailController#index as HTML
  Rendering email/index.html.erb within layouts/application
  Rendered email/index.html.erb within layouts/application (Duration: 0.6ms | Allocations: 118)
[Webpacker] Everything's up-to-date. Nothing to do
Completed 200 OK in 28ms (Views: 25.9ms | ActiveRecord: 0.0ms | Allocations: 5237)


Started GET "/" for ::1 at 2020-08-27 22:58:46 +0200
Processing by EmailController#index as HTML
  Rendering email/index.html.erb within layouts/application
  Rendered email/index.html.erb within layouts/application (Duration: 0.9ms | Allocations: 117)
[Webpacker] Everything's up-to-date. Nothing to do
Completed 200 OK in 23ms (Views: 19.5ms | ActiveRecord: 0.0ms | Allocations: 5226)


Started GET "/" for ::1 at 2020-08-27 22:58:53 +0200
Processing by EmailController#index as HTML
  Rendering email/index.html.erb within layouts/application
  Rendered email/index.html.erb within layouts/application (Duration: 0.4ms | Allocations: 117)
[Webpacker] Everything's up-to-date. Nothing to do
Completed 200 OK in 16ms (Views: 14.0ms | ActiveRecord: 0.0ms | Allocations: 5229)


Started GET "/" for ::1 at 2020-08-27 22:59:01 +0200
Processing by EmailController#index as HTML
  Rendering email/index.html.erb within layouts/application
  Rendered email/index.html.erb within layouts/application (Duration: 0.4ms | Allocations: 117)
[Webpacker] Everything's up-to-date. Nothing to do
Completed 200 OK in 17ms (Views: 15.8ms | ActiveRecord: 0.0ms | Allocations: 5225)


Started GET "/" for ::1 at 2020-08-27 22:59:26 +0200
Processing by EmailController#index as HTML
  Rendering email/index.html.erb within layouts/application
  Rendered email/index.html.erb within layouts/application (Duration: 0.4ms | Allocations: 117)
[Webpacker] Everything's up-to-date. Nothing to do
Completed 200 OK in 33ms (Views: 29.2ms | ActiveRecord: 0.0ms | Allocations: 5228)


Started GET "/" for ::1 at 2020-08-27 22:59:28 +0200
Processing by EmailController#index as HTML
  Rendering email/index.html.erb within layouts/application
  Rendered email/index.html.erb within layouts/application (Duration: 0.1ms | Allocations: 4)
[Webpacker] Everything's up-to-date. Nothing to do
Completed 200 OK in 14ms (Views: 11.9ms | ActiveRecord: 0.0ms | Allocations: 4220)


Started GET "/" for ::1 at 2020-08-27 23:17:31 +0200
  [1m[35m (0.1ms)[0m  [1m[34mSELECT sqlite_version(*)[0m
Processing by EmailController#index as HTML
  Rendering email/index.html.erb within layouts/application
  [1m[36mEmail Load (1.7ms)[0m  [1m[34mSELECT "emails".* FROM "emails"[0m
  ↳ app/views/email/index.html.erb:20
  Rendered email/index.html.erb within layouts/application (Duration: 46.3ms | Allocations: 5101)
[Webpacker] Everything's up-to-date. Nothing to do
Completed 200 OK in 96ms (Views: 85.4ms | ActiveRecord: 3.8ms | Allocations: 10671)


Started GET "/" for ::1 at 2020-08-27 23:21:18 +0200
Processing by EmailController#index as HTML
  Rendering email/index.html.erb within layouts/application
  [1m[36mEmail Load (0.3ms)[0m  [1m[34mSELECT "emails".* FROM "emails"[0m
  ↳ app/views/email/index.html.erb:19
  Rendered email/index.html.erb within layouts/application (Duration: 3.1ms | Allocations: 944)
[Webpacker] Everything's up-to-date. Nothing to do
Completed 200 OK in 31ms (Views: 29.4ms | ActiveRecord: 0.3ms | Allocations: 6131)


Started GET "/" for ::1 at 2020-08-27 23:21:35 +0200
Processing by EmailController#index as HTML
  Rendering email/index.html.erb within layouts/application
  [1m[36mEmail Load (0.2ms)[0m  [1m[34mSELECT "emails".* FROM "emails"[0m
  ↳ app/views/email/index.html.erb:19
  Rendered email/index.html.erb within layouts/application (Duration: 4.7ms | Allocations: 943)
[Webpacker] Everything's up-to-date. Nothing to do
Completed 200 OK in 57ms (Views: 54.8ms | ActiveRecord: 0.2ms | Allocations: 6120)


Started GET "/" for ::1 at 2020-08-27 23:26:53 +0200
Processing by EmailController#index as HTML
  Rendering email/index.html.erb within layouts/application
  [1m[36mEmail Load (0.2ms)[0m  [1m[34mSELECT "emails".* FROM "emails"[0m
  ↳ app/views/email/index.html.erb:19
  Rendered email/index.html.erb within layouts/application (Duration: 520.4ms | Allocations: 155681)
Completed 500 Internal Server Error in 528ms (ActiveRecord: 0.2ms | Allocations: 156974)


  
ActionView::Template::Error (undefined local variable or method `emails_path' for #<#<Class:0x00007f85df992368>:0x00007f85df990a18>
Did you mean?  image_path):
    27:     </div>
    28: 
    29:     <div class="form">
    30:     <%= form_tag(emails_path, method: :post, class: "form") do %>
    31:     <label for="objet">Objet 
    32:     <%= text_filed_tag :objet %>
    33: 
  
app/views/email/index.html.erb:30
Started GET "/" for ::1 at 2020-08-27 23:28:31 +0200
Processing by EmailController#index as HTML
  Rendering email/index.html.erb within layouts/application
  [1m[36mEmail Load (0.2ms)[0m  [1m[34mSELECT "emails".* FROM "emails"[0m
  ↳ app/views/email/index.html.erb:19
  Rendered email/index.html.erb within layouts/application (Duration: 483.3ms | Allocations: 151223)
Completed 500 Internal Server Error in 490ms (ActiveRecord: 0.2ms | Allocations: 152539)


  
ActionView::Template::Error (undefined local variable or method `emails' for #<#<Class:0x00007f85d9daee70>:0x00007f85d9dad430>
Did you mean?  @emails):
    27:     </div>
    28: 
    29:     <div class="form">
    30:     <%= form_tag(emails, method: :post, class: "form") do %>
    31:     <label for="objet">Objet 
    32:     <%= text_filed_tag :objet %>
    33: 
  
app/views/email/index.html.erb:30
Started GET "/" for ::1 at 2020-08-27 23:28:41 +0200
Processing by EmailController#index as HTML
  Rendering email/index.html.erb within layouts/application
  [1m[36mEmail Load (0.2ms)[0m  [1m[34mSELECT "emails".* FROM "emails"[0m
  ↳ app/views/email/index.html.erb:19
  Rendered email/index.html.erb within layouts/application (Duration: 369.6ms | Allocations: 78311)
Completed 500 Internal Server Error in 376ms (ActiveRecord: 0.2ms | Allocations: 79603)


  
ActionView::Template::Error (undefined method `text_filed_tag' for #<#<Class:0x00007f85e017d5c8>:0x00007f85e0177c68>
Did you mean?  text_field_tag
               text_area_tag):
    29:     <div class="form">
    30:     <%= form_tag(method: :post, class: "form") do %>
    31:     <label for="objet">Objet 
    32:     <%= text_filed_tag :objet %>
    33: 
    34:     <label for="body">body 
    35:     <%= text :text%>
  
app/views/email/index.html.erb:32
app/views/email/index.html.erb:30
Started GET "/" for ::1 at 2020-08-27 23:28:58 +0200
Processing by EmailController#index as HTML
  Rendering email/index.html.erb within layouts/application
  [1m[36mEmail Load (0.2ms)[0m  [1m[34mSELECT "emails".* FROM "emails"[0m
  ↳ app/views/email/index.html.erb:19
  Rendered email/index.html.erb within layouts/application (Duration: 327.2ms | Allocations: 77975)
Completed 500 Internal Server Error in 333ms (ActiveRecord: 0.2ms | Allocations: 79261)


  
ActionView::Template::Error (undefined method `text' for #<#<Class:0x00007f85d85c8630>:0x00007f85d8d7c3e0>
Did you mean?  test):
    32:     <%= text_field_tag :objet %>
    33: 
    34:     <label for="body">body 
    35:     <%= text :text%>
    36: 
    37:     <%= submit_tag 'create', :name => 'commit'%>
    38:   <% end %>
  
app/views/email/index.html.erb:35
app/views/email/index.html.erb:30
Started GET "/" for ::1 at 2020-08-27 23:29:36 +0200
Processing by EmailController#index as HTML
  Rendering email/index.html.erb within layouts/application
  [1m[36mEmail Load (0.3ms)[0m  [1m[34mSELECT "emails".* FROM "emails"[0m
  ↳ app/views/email/index.html.erb:19
  Rendered email/index.html.erb within layouts/application (Duration: 3.6ms | Allocations: 1323)
[Webpacker] Everything's up-to-date. Nothing to do
Completed 200 OK in 29ms (Views: 27.5ms | ActiveRecord: 0.3ms | Allocations: 6519)


Started GET "/" for ::1 at 2020-08-27 23:33:04 +0200
Processing by EmailController#index as HTML
  Rendering email/index.html.erb within layouts/application
  [1m[36mEmail Load (0.9ms)[0m  [1m[34mSELECT "emails".* FROM "emails"[0m
  ↳ app/views/email/index.html.erb:19
  Rendered email/index.html.erb within layouts/application (Duration: 18.7ms | Allocations: 1324)
[Webpacker] Everything's up-to-date. Nothing to do
Completed 200 OK in 81ms (Views: 70.7ms | ActiveRecord: 0.9ms | Allocations: 6494)


Started GET "/" for ::1 at 2020-08-27 23:35:37 +0200
  [1m[35m (0.2ms)[0m  [1m[34mSELECT sqlite_version(*)[0m
Processing by EmailController#index as HTML
  Rendering email/index.html.erb within layouts/application
  [1m[36mEmail Load (1.7ms)[0m  [1m[34mSELECT "emails".* FROM "emails"[0m
  ↳ app/views/email/index.html.erb:19
  Rendered email/index.html.erb within layouts/application (Duration: 18.0ms | Allocations: 5273)
[Webpacker] Everything's up-to-date. Nothing to do
Completed 200 OK in 35ms (Views: 26.1ms | ActiveRecord: 2.9ms | Allocations: 10059)


Started GET "/" for ::1 at 2020-08-27 23:41:10 +0200
Processing by EmailController#index as HTML
  Rendering email/index.html.erb within layouts/application
  [1m[36mEmail Load (0.3ms)[0m  [1m[34mSELECT "emails".* FROM "emails"[0m
  ↳ app/views/email/index.html.erb:19
  Rendered email/index.html.erb within layouts/application (Duration: 3.7ms | Allocations: 1031)
[Webpacker] Everything's up-to-date. Nothing to do
Completed 200 OK in 20ms (Views: 18.5ms | ActiveRecord: 0.3ms | Allocations: 5270)


Started GET "/" for ::1 at 2020-08-27 23:45:31 +0200
Processing by EmailController#index as HTML
  Rendering email/index.html.erb within layouts/application
  [1m[36mEmail Load (0.7ms)[0m  [1m[34mSELECT "emails".* FROM "emails"[0m
  ↳ app/views/email/index.html.erb:19
  Rendered email/index.html.erb within layouts/application (Duration: 9.4ms | Allocations: 1329)
[Webpacker] Everything's up-to-date. Nothing to do
Completed 200 OK in 36ms (Views: 34.1ms | ActiveRecord: 0.7ms | Allocations: 6501)


Started GET "/" for ::1 at 2020-08-27 23:50:21 +0200
Processing by EmailController#index as HTML
  Rendering email/index.html.erb within layouts/application
  [1m[36mEmail Load (0.2ms)[0m  [1m[34mSELECT "emails".* FROM "emails"[0m
  ↳ app/views/email/index.html.erb:19
  Rendered email/index.html.erb within layouts/application (Duration: 4.1ms | Allocations: 1325)
[Webpacker] Everything's up-to-date. Nothing to do
Completed 200 OK in 37ms (Views: 35.5ms | ActiveRecord: 0.2ms | Allocations: 6501)


Started POST "/?class=form&method=post&remote=true" for ::1 at 2020-08-27 23:50:26 +0200
  
ActionController::RoutingError (No route matches [POST] "/"):
  
actionpack (6.0.3.2) lib/action_dispatch/middleware/debug_exceptions.rb:36:in `call'
web-console (4.0.4) lib/web_console/middleware.rb:132:in `call_app'
web-console (4.0.4) lib/web_console/middleware.rb:28:in `block in call'
web-console (4.0.4) lib/web_console/middleware.rb:17:in `catch'
web-console (4.0.4) lib/web_console/middleware.rb:17:in `call'
actionpack (6.0.3.2) lib/action_dispatch/middleware/show_exceptions.rb:33:in `call'
railties (6.0.3.2) lib/rails/rack/logger.rb:37:in `call_app'
railties (6.0.3.2) lib/rails/rack/logger.rb:26:in `block in call'
activesupport (6.0.3.2) lib/active_support/tagged_logging.rb:80:in `block in tagged'
activesupport (6.0.3.2) lib/active_support/tagged_logging.rb:28:in `tagged'
activesupport (6.0.3.2) lib/active_support/tagged_logging.rb:80:in `tagged'
railties (6.0.3.2) lib/rails/rack/logger.rb:26:in `call'
sprockets-rails (3.2.1) lib/sprockets/rails/quiet_assets.rb:13:in `call'
actionpack (6.0.3.2) lib/action_dispatch/middleware/remote_ip.rb:81:in `call'
actionpack (6.0.3.2) lib/action_dispatch/middleware/request_id.rb:27:in `call'
rack (2.2.3) lib/rack/method_override.rb:24:in `call'
rack (2.2.3) lib/rack/runtime.rb:22:in `call'
activesupport (6.0.3.2) lib/active_support/cache/strategy/local_cache_middleware.rb:29:in `call'
actionpack (6.0.3.2) lib/action_dispatch/middleware/executor.rb:14:in `call'
actionpack (6.0.3.2) lib/action_dispatch/middleware/static.rb:126:in `call'
rack (2.2.3) lib/rack/sendfile.rb:110:in `call'
actionpack (6.0.3.2) lib/action_dispatch/middleware/host_authorization.rb:82:in `call'
webpacker (4.3.0) lib/webpacker/dev_server_proxy.rb:23:in `perform_request'
rack-proxy (0.6.5) lib/rack/proxy.rb:57:in `call'
railties (6.0.3.2) lib/rails/engine.rb:527:in `call'
puma (4.3.5) lib/puma/configuration.rb:228:in `call'
puma (4.3.5) lib/puma/server.rb:713:in `handle_request'
puma (4.3.5) lib/puma/server.rb:472:in `process_client'
puma (4.3.5) lib/puma/server.rb:328:in `block in run'
puma (4.3.5) lib/puma/thread_pool.rb:134:in `block in spawn_thread'
Started GET "/" for ::1 at 2020-08-27 23:55:26 +0200
  
ArgumentError (Missing :controller key on routes definition, please check your routes.):
  
config/routes.rb:4:in `block in <top (required)>'
config/routes.rb:1:in `<top (required)>'
Started GET "/" for ::1 at 2020-08-27 23:55:42 +0200
  
ArgumentError (Missing :controller key on routes definition, please check your routes.):
  
config/routes.rb:4:in `block in <top (required)>'
config/routes.rb:1:in `<top (required)>'
Started GET "/" for ::1 at 2020-08-27 23:56:05 +0200
  
ArgumentError (Missing :controller key on routes definition, please check your routes.):
  
config/routes.rb:4:in `block in <top (required)>'
config/routes.rb:1:in `<top (required)>'
Started GET "/" for ::1 at 2020-08-27 23:57:35 +0200
  [1m[35m (0.1ms)[0m  [1m[34mSELECT sqlite_version(*)[0m
Processing by EmailController#index as HTML
  Rendering email/index.html.erb within layouts/application
  [1m[36mEmail Load (1.5ms)[0m  [1m[34mSELECT "emails".* FROM "emails"[0m
  ↳ app/views/email/index.html.erb:19
  Rendered email/index.html.erb within layouts/application (Duration: 19.0ms | Allocations: 5234)
[Webpacker] Everything's up-to-date. Nothing to do
Completed 200 OK in 54ms (Views: 44.9ms | ActiveRecord: 3.0ms | Allocations: 10005)


Started POST "/?class=form&method=post&remote=true" for ::1 at 2020-08-27 23:57:39 +0200
  
ActionController::RoutingError (No route matches [POST] "/"):
  
actionpack (6.0.3.2) lib/action_dispatch/middleware/debug_exceptions.rb:36:in `call'
web-console (4.0.4) lib/web_console/middleware.rb:132:in `call_app'
web-console (4.0.4) lib/web_console/middleware.rb:28:in `block in call'
web-console (4.0.4) lib/web_console/middleware.rb:17:in `catch'
web-console (4.0.4) lib/web_console/middleware.rb:17:in `call'
actionpack (6.0.3.2) lib/action_dispatch/middleware/show_exceptions.rb:33:in `call'
railties (6.0.3.2) lib/rails/rack/logger.rb:37:in `call_app'
railties (6.0.3.2) lib/rails/rack/logger.rb:26:in `block in call'
activesupport (6.0.3.2) lib/active_support/tagged_logging.rb:80:in `block in tagged'
activesupport (6.0.3.2) lib/active_support/tagged_logging.rb:28:in `tagged'
activesupport (6.0.3.2) lib/active_support/tagged_logging.rb:80:in `tagged'
railties (6.0.3.2) lib/rails/rack/logger.rb:26:in `call'
sprockets-rails (3.2.1) lib/sprockets/rails/quiet_assets.rb:13:in `call'
actionpack (6.0.3.2) lib/action_dispatch/middleware/remote_ip.rb:81:in `call'
actionpack (6.0.3.2) lib/action_dispatch/middleware/request_id.rb:27:in `call'
rack (2.2.3) lib/rack/method_override.rb:24:in `call'
rack (2.2.3) lib/rack/runtime.rb:22:in `call'
activesupport (6.0.3.2) lib/active_support/cache/strategy/local_cache_middleware.rb:29:in `call'
actionpack (6.0.3.2) lib/action_dispatch/middleware/executor.rb:14:in `call'
actionpack (6.0.3.2) lib/action_dispatch/middleware/static.rb:126:in `call'
rack (2.2.3) lib/rack/sendfile.rb:110:in `call'
actionpack (6.0.3.2) lib/action_dispatch/middleware/host_authorization.rb:82:in `call'
webpacker (4.3.0) lib/webpacker/dev_server_proxy.rb:23:in `perform_request'
rack-proxy (0.6.5) lib/rack/proxy.rb:57:in `call'
railties (6.0.3.2) lib/rails/engine.rb:527:in `call'
puma (4.3.5) lib/puma/configuration.rb:228:in `call'
puma (4.3.5) lib/puma/server.rb:713:in `handle_request'
puma (4.3.5) lib/puma/server.rb:472:in `process_client'
puma (4.3.5) lib/puma/server.rb:328:in `block in run'
puma (4.3.5) lib/puma/thread_pool.rb:134:in `block in spawn_thread'
Started GET "/?class=form&method=post&remote=true" for ::1 at 2020-08-27 23:58:03 +0200
  
ArgumentError (Missing :controller key on routes definition, please check your routes.):
  
config/routes.rb:4:in `block in <top (required)>'
config/routes.rb:1:in `<top (required)>'
Started GET "/?class=form&method=post&remote=true" for ::1 at 2020-08-27 23:58:26 +0200
  
ArgumentError (Missing :controller key on routes definition, please check your routes.):
  
config/routes.rb:4:in `block in <top (required)>'
config/routes.rb:1:in `<top (required)>'
Started GET "/?class=form&method=post&remote=true" for ::1 at 2020-08-27 23:58:38 +0200
  [1m[35m (0.2ms)[0m  [1m[34mSELECT sqlite_version(*)[0m
Processing by EmailController#index as HTML
  Parameters: {"class"=>"form", "method"=>"post", "remote"=>"true"}
  Rendering email/index.html.erb within layouts/application
  [1m[36mEmail Load (1.2ms)[0m  [1m[34mSELECT "emails".* FROM "emails"[0m
  ↳ app/views/email/index.html.erb:19
  Rendered email/index.html.erb within layouts/application (Duration: 30.9ms | Allocations: 5234)
[Webpacker] Everything's up-to-date. Nothing to do
Completed 200 OK in 95ms (Views: 86.6ms | ActiveRecord: 3.6ms | Allocations: 10004)


Started POST "/?class=form&method=post&remote=true" for ::1 at 2020-08-27 23:58:42 +0200
  
ActionController::RoutingError (No route matches [POST] "/"):
  
actionpack (6.0.3.2) lib/action_dispatch/middleware/debug_exceptions.rb:36:in `call'
web-console (4.0.4) lib/web_console/middleware.rb:132:in `call_app'
web-console (4.0.4) lib/web_console/middleware.rb:28:in `block in call'
web-console (4.0.4) lib/web_console/middleware.rb:17:in `catch'
web-console (4.0.4) lib/web_console/middleware.rb:17:in `call'
actionpack (6.0.3.2) lib/action_dispatch/middleware/show_exceptions.rb:33:in `call'
railties (6.0.3.2) lib/rails/rack/logger.rb:37:in `call_app'
railties (6.0.3.2) lib/rails/rack/logger.rb:26:in `block in call'
activesupport (6.0.3.2) lib/active_support/tagged_logging.rb:80:in `block in tagged'
activesupport (6.0.3.2) lib/active_support/tagged_logging.rb:28:in `tagged'
activesupport (6.0.3.2) lib/active_support/tagged_logging.rb:80:in `tagged'
railties (6.0.3.2) lib/rails/rack/logger.rb:26:in `call'
sprockets-rails (3.2.1) lib/sprockets/rails/quiet_assets.rb:13:in `call'
actionpack (6.0.3.2) lib/action_dispatch/middleware/remote_ip.rb:81:in `call'
actionpack (6.0.3.2) lib/action_dispatch/middleware/request_id.rb:27:in `call'
rack (2.2.3) lib/rack/method_override.rb:24:in `call'
rack (2.2.3) lib/rack/runtime.rb:22:in `call'
activesupport (6.0.3.2) lib/active_support/cache/strategy/local_cache_middleware.rb:29:in `call'
actionpack (6.0.3.2) lib/action_dispatch/middleware/executor.rb:14:in `call'
actionpack (6.0.3.2) lib/action_dispatch/middleware/static.rb:126:in `call'
rack (2.2.3) lib/rack/sendfile.rb:110:in `call'
actionpack (6.0.3.2) lib/action_dispatch/middleware/host_authorization.rb:82:in `call'
webpacker (4.3.0) lib/webpacker/dev_server_proxy.rb:23:in `perform_request'
rack-proxy (0.6.5) lib/rack/proxy.rb:57:in `call'
railties (6.0.3.2) lib/rails/engine.rb:527:in `call'
puma (4.3.5) lib/puma/configuration.rb:228:in `call'
puma (4.3.5) lib/puma/server.rb:713:in `handle_request'
puma (4.3.5) lib/puma/server.rb:472:in `process_client'
puma (4.3.5) lib/puma/server.rb:328:in `block in run'
puma (4.3.5) lib/puma/thread_pool.rb:134:in `block in spawn_thread'
Started GET "/rails/info/routes?path=email" for ::1 at 2020-08-27 23:59:06 +0200
Processing by Rails::InfoController#routes as */*
  Parameters: {"path"=>"email"}
Completed 200 OK in 3ms (Views: 0.4ms | ActiveRecord: 0.0ms | Allocations: 2008)


Started GET "/rails/info/routes?path=email" for ::1 at 2020-08-27 23:59:07 +0200
Processing by Rails::InfoController#routes as */*
  Parameters: {"path"=>"email"}
Completed 200 OK in 3ms (Views: 0.4ms | ActiveRecord: 0.0ms | Allocations: 1177)


Started GET "/?class=form&method=post&remote=true" for ::1 at 2020-08-27 23:59:34 +0200
  
ArgumentError (Missing :controller key on routes definition, please check your routes.):
  
config/routes.rb:4:in `block in <top (required)>'
config/routes.rb:1:in `<top (required)>'
Started GET "/?class=form&method=post&remote=true" for ::1 at 2020-08-28 00:00:11 +0200
  [1m[35m (0.2ms)[0m  [1m[34mSELECT sqlite_version(*)[0m
Processing by EmailController#index as HTML
  Parameters: {"class"=>"form", "method"=>"post", "remote"=>"true"}
  Rendering email/index.html.erb within layouts/application
  [1m[36mEmail Load (1.2ms)[0m  [1m[34mSELECT "emails".* FROM "emails"[0m
  ↳ app/views/email/index.html.erb:19
  Rendered email/index.html.erb within layouts/application (Duration: 17.6ms | Allocations: 5521)
[Webpacker] Everything's up-to-date. Nothing to do
Completed 200 OK in 47ms (Views: 38.9ms | ActiveRecord: 2.7ms | Allocations: 11073)


Started POST "/?class=form&method=post&remote=true" for ::1 at 2020-08-28 00:00:15 +0200
  
ActionController::RoutingError (No route matches [POST] "/"):
  
actionpack (6.0.3.2) lib/action_dispatch/middleware/debug_exceptions.rb:36:in `call'
web-console (4.0.4) lib/web_console/middleware.rb:132:in `call_app'
web-console (4.0.4) lib/web_console/middleware.rb:28:in `block in call'
web-console (4.0.4) lib/web_console/middleware.rb:17:in `catch'
web-console (4.0.4) lib/web_console/middleware.rb:17:in `call'
actionpack (6.0.3.2) lib/action_dispatch/middleware/show_exceptions.rb:33:in `call'
railties (6.0.3.2) lib/rails/rack/logger.rb:37:in `call_app'
railties (6.0.3.2) lib/rails/rack/logger.rb:26:in `block in call'
activesupport (6.0.3.2) lib/active_support/tagged_logging.rb:80:in `block in tagged'
activesupport (6.0.3.2) lib/active_support/tagged_logging.rb:28:in `tagged'
activesupport (6.0.3.2) lib/active_support/tagged_logging.rb:80:in `tagged'
railties (6.0.3.2) lib/rails/rack/logger.rb:26:in `call'
sprockets-rails (3.2.1) lib/sprockets/rails/quiet_assets.rb:13:in `call'
actionpack (6.0.3.2) lib/action_dispatch/middleware/remote_ip.rb:81:in `call'
actionpack (6.0.3.2) lib/action_dispatch/middleware/request_id.rb:27:in `call'
rack (2.2.3) lib/rack/method_override.rb:24:in `call'
rack (2.2.3) lib/rack/runtime.rb:22:in `call'
activesupport (6.0.3.2) lib/active_support/cache/strategy/local_cache_middleware.rb:29:in `call'
actionpack (6.0.3.2) lib/action_dispatch/middleware/executor.rb:14:in `call'
actionpack (6.0.3.2) lib/action_dispatch/middleware/static.rb:126:in `call'
rack (2.2.3) lib/rack/sendfile.rb:110:in `call'
actionpack (6.0.3.2) lib/action_dispatch/middleware/host_authorization.rb:82:in `call'
webpacker (4.3.0) lib/webpacker/dev_server_proxy.rb:23:in `perform_request'
rack-proxy (0.6.5) lib/rack/proxy.rb:57:in `call'
railties (6.0.3.2) lib/rails/engine.rb:527:in `call'
puma (4.3.5) lib/puma/configuration.rb:228:in `call'
puma (4.3.5) lib/puma/server.rb:713:in `handle_request'
puma (4.3.5) lib/puma/server.rb:472:in `process_client'
puma (4.3.5) lib/puma/server.rb:328:in `block in run'
puma (4.3.5) lib/puma/thread_pool.rb:134:in `block in spawn_thread'
Started GET "/?class=form&method=post&remote=true" for ::1 at 2020-08-28 00:02:07 +0200
  
SyntaxError (/Users/afsaneh/Desktop/gmail_ajax/config/routes.rb:5: unterminated string meets end of file
/Users/afsaneh/Desktop/gmail_ajax/config/routes.rb:5: syntax error, unexpected end-of-input, expecting keyword_end):
  
config/routes.rb:5: unterminated string meets end of file
config/routes.rb:5: syntax error, unexpected end-of-input, expecting keyword_end
config/routes.rb:5: unterminated string meets end of file
config/routes.rb:5: syntax error, unexpected end-of-input, expecting keyword_end
config/routes.rb:5: unterminated string meets end of file
config/routes.rb:5: syntax error, unexpected end-of-input, expecting keyword_end
Started GET "/?class=form&method=post&remote=true" for ::1 at 2020-08-28 00:03:13 +0200
  
SyntaxError (/Users/afsaneh/Desktop/gmail_ajax/config/routes.rb:4: unterminated string meets end of file
/Users/afsaneh/Desktop/gmail_ajax/config/routes.rb:4: syntax error, unexpected end-of-input, expecting keyword_end):
  
config/routes.rb:4: unterminated string meets end of file
config/routes.rb:4: syntax error, unexpected end-of-input, expecting keyword_end
config/routes.rb:4: unterminated string meets end of file
config/routes.rb:4: syntax error, unexpected end-of-input, expecting keyword_end
config/routes.rb:4: unterminated string meets end of file
config/routes.rb:4: syntax error, unexpected end-of-input, expecting keyword_end
Started GET "/?class=form&method=post&remote=true" for ::1 at 2020-08-28 00:03:21 +0200
  
SyntaxError (/Users/afsaneh/Desktop/gmail_ajax/config/routes.rb:5: unterminated string meets end of file
/Users/afsaneh/Desktop/gmail_ajax/config/routes.rb:5: syntax error, unexpected end-of-input, expecting keyword_end):
  
config/routes.rb:5: unterminated string meets end of file
config/routes.rb:5: syntax error, unexpected end-of-input, expecting keyword_end
config/routes.rb:5: unterminated string meets end of file
config/routes.rb:5: syntax error, unexpected end-of-input, expecting keyword_end
config/routes.rb:5: unterminated string meets end of file
config/routes.rb:5: syntax error, unexpected end-of-input, expecting keyword_end
Started GET "/?class=form&method=post&remote=true" for ::1 at 2020-08-28 00:04:46 +0200
  
SyntaxError (/Users/afsaneh/Desktop/gmail_ajax/config/routes.rb:4: unterminated string meets end of file
/Users/afsaneh/Desktop/gmail_ajax/config/routes.rb:4: syntax error, unexpected end-of-input, expecting keyword_end):
  
config/routes.rb:4: unterminated string meets end of file
config/routes.rb:4: syntax error, unexpected end-of-input, expecting keyword_end
config/routes.rb:4: unterminated string meets end of file
config/routes.rb:4: syntax error, unexpected end-of-input, expecting keyword_end
config/routes.rb:4: unterminated string meets end of file
config/routes.rb:4: syntax error, unexpected end-of-input, expecting keyword_end
Started GET "/?class=form&method=post&remote=true" for ::1 at 2020-08-28 00:04:59 +0200
  
SyntaxError (/Users/afsaneh/Desktop/gmail_ajax/config/routes.rb:4: unterminated string meets end of file
/Users/afsaneh/Desktop/gmail_ajax/config/routes.rb:4: syntax error, unexpected end-of-input, expecting keyword_end):
  
config/routes.rb:4: unterminated string meets end of file
config/routes.rb:4: syntax error, unexpected end-of-input, expecting keyword_end
config/routes.rb:4: unterminated string meets end of file
config/routes.rb:4: syntax error, unexpected end-of-input, expecting keyword_end
config/routes.rb:4: unterminated string meets end of file
config/routes.rb:4: syntax error, unexpected end-of-input, expecting keyword_end
Started GET "/?class=form&method=post&remote=true" for ::1 at 2020-08-28 00:05:21 +0200
  
SyntaxError (/Users/afsaneh/Desktop/gmail_ajax/config/routes.rb:5: unterminated string meets end of file
/Users/afsaneh/Desktop/gmail_ajax/config/routes.rb:5: syntax error, unexpected end-of-input, expecting keyword_end):
  
config/routes.rb:5: unterminated string meets end of file
config/routes.rb:5: syntax error, unexpected end-of-input, expecting keyword_end
config/routes.rb:5: unterminated string meets end of file
config/routes.rb:5: syntax error, unexpected end-of-input, expecting keyword_end
config/routes.rb:5: unterminated string meets end of file
config/routes.rb:5: syntax error, unexpected end-of-input, expecting keyword_end
Started GET "/?class=form&method=post&remote=true" for ::1 at 2020-08-28 00:05:38 +0200
  
ArgumentError (Missing :controller key on routes definition, please check your routes.):
  
config/routes.rb:3:in `block in <top (required)>'
config/routes.rb:1:in `<top (required)>'
Started GET "/?class=form&method=post&remote=true" for ::1 at 2020-08-28 00:06:13 +0200
  
ArgumentError (Missing :controller key on routes definition, please check your routes.):
  
config/routes.rb:3:in `block in <top (required)>'
config/routes.rb:1:in `<top (required)>'
Started GET "/?class=form&method=post&remote=true" for ::1 at 2020-08-28 00:06:26 +0200
  
ArgumentError (Missing :controller key on routes definition, please check your routes.):
  
config/routes.rb:3:in `block in <top (required)>'
config/routes.rb:1:in `<top (required)>'
Started GET "/?class=form&method=post&remote=true" for ::1 at 2020-08-28 00:07:01 +0200
  
ArgumentError (Missing :controller key on routes definition, please check your routes.):
  
config/routes.rb:3:in `block in <top (required)>'
config/routes.rb:1:in `<top (required)>'
Started GET "/?class=form&method=post&remote=true" for ::1 at 2020-08-28 00:07:16 +0200
  
ArgumentError (Missing :controller key on routes definition, please check your routes.):
  
config/routes.rb:3:in `block in <top (required)>'
config/routes.rb:1:in `<top (required)>'
Started GET "/?class=form&method=post&remote=true" for ::1 at 2020-08-28 00:07:30 +0200
  
ArgumentError (Missing :controller key on routes definition, please check your routes.):
  
config/routes.rb:3:in `block in <top (required)>'
config/routes.rb:1:in `<top (required)>'
Started GET "/?class=form&method=post&remote=true" for ::1 at 2020-08-28 00:08:53 +0200
  [1m[35m (0.1ms)[0m  [1m[34mSELECT sqlite_version(*)[0m
Processing by EmailController#index as HTML
  Parameters: {"class"=>"form", "method"=>"post", "remote"=>"true"}
  Rendering email/index.html.erb within layouts/application
  [1m[36mEmail Load (1.3ms)[0m  [1m[34mSELECT "emails".* FROM "emails"[0m
  ↳ app/views/email/index.html.erb:19
  Rendered email/index.html.erb within layouts/application (Duration: 18.2ms | Allocations: 5250)
[Webpacker] Everything's up-to-date. Nothing to do
Completed 200 OK in 50ms (Views: 37.9ms | ActiveRecord: 2.6ms | Allocations: 10018)


Started POST "/?class=form&method=post&remote=true" for ::1 at 2020-08-28 00:08:57 +0200
  
ActionController::RoutingError (No route matches [POST] "/"):
  
actionpack (6.0.3.2) lib/action_dispatch/middleware/debug_exceptions.rb:36:in `call'
web-console (4.0.4) lib/web_console/middleware.rb:132:in `call_app'
web-console (4.0.4) lib/web_console/middleware.rb:28:in `block in call'
web-console (4.0.4) lib/web_console/middleware.rb:17:in `catch'
web-console (4.0.4) lib/web_console/middleware.rb:17:in `call'
actionpack (6.0.3.2) lib/action_dispatch/middleware/show_exceptions.rb:33:in `call'
railties (6.0.3.2) lib/rails/rack/logger.rb:37:in `call_app'
railties (6.0.3.2) lib/rails/rack/logger.rb:26:in `block in call'
activesupport (6.0.3.2) lib/active_support/tagged_logging.rb:80:in `block in tagged'
activesupport (6.0.3.2) lib/active_support/tagged_logging.rb:28:in `tagged'
activesupport (6.0.3.2) lib/active_support/tagged_logging.rb:80:in `tagged'
railties (6.0.3.2) lib/rails/rack/logger.rb:26:in `call'
sprockets-rails (3.2.1) lib/sprockets/rails/quiet_assets.rb:13:in `call'
actionpack (6.0.3.2) lib/action_dispatch/middleware/remote_ip.rb:81:in `call'
actionpack (6.0.3.2) lib/action_dispatch/middleware/request_id.rb:27:in `call'
rack (2.2.3) lib/rack/method_override.rb:24:in `call'
rack (2.2.3) lib/rack/runtime.rb:22:in `call'
activesupport (6.0.3.2) lib/active_support/cache/strategy/local_cache_middleware.rb:29:in `call'
actionpack (6.0.3.2) lib/action_dispatch/middleware/executor.rb:14:in `call'
actionpack (6.0.3.2) lib/action_dispatch/middleware/static.rb:126:in `call'
rack (2.2.3) lib/rack/sendfile.rb:110:in `call'
actionpack (6.0.3.2) lib/action_dispatch/middleware/host_authorization.rb:82:in `call'
webpacker (4.3.0) lib/webpacker/dev_server_proxy.rb:23:in `perform_request'
rack-proxy (0.6.5) lib/rack/proxy.rb:57:in `call'
railties (6.0.3.2) lib/rails/engine.rb:527:in `call'
puma (4.3.5) lib/puma/configuration.rb:228:in `call'
puma (4.3.5) lib/puma/server.rb:713:in `handle_request'
puma (4.3.5) lib/puma/server.rb:472:in `process_client'
puma (4.3.5) lib/puma/server.rb:328:in `block in run'
puma (4.3.5) lib/puma/thread_pool.rb:134:in `block in spawn_thread'
Started GET "/?class=form&method=post&remote=true" for ::1 at 2020-08-28 00:09:08 +0200
  
ArgumentError (Missing :controller key on routes definition, please check your routes.):
  
config/routes.rb:3:in `block in <top (required)>'
config/routes.rb:1:in `<top (required)>'
Started GET "/?class=form&method=post&remote=true" for ::1 at 2020-08-28 00:11:40 +0200
  [1m[35m (0.1ms)[0m  [1m[34mSELECT sqlite_version(*)[0m
Processing by EmailController#index as HTML
  Parameters: {"class"=>"form", "method"=>"post", "remote"=>"true"}
  Rendering email/index.html.erb within layouts/application
  [1m[36mEmail Load (1.2ms)[0m  [1m[34mSELECT "emails".* FROM "emails"[0m
  ↳ app/views/email/index.html.erb:19
  Rendered email/index.html.erb within layouts/application (Duration: 18.8ms | Allocations: 5236)
[Webpacker] Everything's up-to-date. Nothing to do
Completed 200 OK in 45ms (Views: 36.4ms | ActiveRecord: 2.1ms | Allocations: 10004)


Started POST "/?class=form&method=post&remote=true" for ::1 at 2020-08-28 00:11:44 +0200
  
ActionController::RoutingError (No route matches [POST] "/"):
  
actionpack (6.0.3.2) lib/action_dispatch/middleware/debug_exceptions.rb:36:in `call'
web-console (4.0.4) lib/web_console/middleware.rb:132:in `call_app'
web-console (4.0.4) lib/web_console/middleware.rb:28:in `block in call'
web-console (4.0.4) lib/web_console/middleware.rb:17:in `catch'
web-console (4.0.4) lib/web_console/middleware.rb:17:in `call'
actionpack (6.0.3.2) lib/action_dispatch/middleware/show_exceptions.rb:33:in `call'
railties (6.0.3.2) lib/rails/rack/logger.rb:37:in `call_app'
railties (6.0.3.2) lib/rails/rack/logger.rb:26:in `block in call'
activesupport (6.0.3.2) lib/active_support/tagged_logging.rb:80:in `block in tagged'
activesupport (6.0.3.2) lib/active_support/tagged_logging.rb:28:in `tagged'
activesupport (6.0.3.2) lib/active_support/tagged_logging.rb:80:in `tagged'
railties (6.0.3.2) lib/rails/rack/logger.rb:26:in `call'
sprockets-rails (3.2.1) lib/sprockets/rails/quiet_assets.rb:13:in `call'
actionpack (6.0.3.2) lib/action_dispatch/middleware/remote_ip.rb:81:in `call'
actionpack (6.0.3.2) lib/action_dispatch/middleware/request_id.rb:27:in `call'
rack (2.2.3) lib/rack/method_override.rb:24:in `call'
rack (2.2.3) lib/rack/runtime.rb:22:in `call'
activesupport (6.0.3.2) lib/active_support/cache/strategy/local_cache_middleware.rb:29:in `call'
actionpack (6.0.3.2) lib/action_dispatch/middleware/executor.rb:14:in `call'
actionpack (6.0.3.2) lib/action_dispatch/middleware/static.rb:126:in `call'
rack (2.2.3) lib/rack/sendfile.rb:110:in `call'
actionpack (6.0.3.2) lib/action_dispatch/middleware/host_authorization.rb:82:in `call'
webpacker (4.3.0) lib/webpacker/dev_server_proxy.rb:23:in `perform_request'
rack-proxy (0.6.5) lib/rack/proxy.rb:57:in `call'
railties (6.0.3.2) lib/rails/engine.rb:527:in `call'
puma (4.3.5) lib/puma/configuration.rb:228:in `call'
puma (4.3.5) lib/puma/server.rb:713:in `handle_request'
puma (4.3.5) lib/puma/server.rb:472:in `process_client'
puma (4.3.5) lib/puma/server.rb:328:in `block in run'
puma (4.3.5) lib/puma/thread_pool.rb:134:in `block in spawn_thread'
Started GET "/?class=form&method=post&remote=true" for ::1 at 2020-08-28 00:14:01 +0200
  [1m[35m (0.1ms)[0m  [1m[34mSELECT sqlite_version(*)[0m
Processing by EmailController#index as HTML
  Parameters: {"class"=>"form", "method"=>"post", "remote"=>"true"}
  Rendering email/index.html.erb within layouts/application
  [1m[36mEmail Load (1.2ms)[0m  [1m[34mSELECT "emails".* FROM "emails"[0m
  ↳ app/views/email/index.html.erb:19
  Rendered email/index.html.erb within layouts/application (Duration: 451.1ms | Allocations: 155307)
Completed 500 Internal Server Error in 460ms (ActiveRecord: 2.0ms | Allocations: 157015)


  
ActionView::Template::Error (undefined local variable or method `email_create' for #<#<Class:0x00007f85dfa7f2d0>:0x00007f85dfa7d638>
Did you mean?  email_create_url):
    27:     </div>
    28: 
    29:     <div class="form">
    30:     <%= form_tag(email_create, method: :post, class: "form", remote: true) do %>
    31:     <label for="objet">Objet 
    32:     <%= text_field_tag :objet %>
    33: 
  
app/views/email/index.html.erb:30
Started GET "/?class=form&method=post&remote=true" for ::1 at 2020-08-28 00:14:28 +0200
Processing by EmailController#index as HTML
  Parameters: {"class"=>"form", "method"=>"post", "remote"=>"true"}
  Rendering email/index.html.erb within layouts/application
  [1m[36mEmail Load (0.2ms)[0m  [1m[34mSELECT "emails".* FROM "emails"[0m
  ↳ app/views/email/index.html.erb:19
  Rendered email/index.html.erb within layouts/application (Duration: 3.4ms | Allocations: 1177)
[Webpacker] Everything's up-to-date. Nothing to do
Completed 200 OK in 27ms (Views: 25.2ms | ActiveRecord: 0.2ms | Allocations: 6347)


Started POST "/email_create" for ::1 at 2020-08-28 00:14:31 +0200
Processing by EmailController#create as JS
  Parameters: {"objet"=>"p", "text"=>"po", "commit"=>"create"}
Completed 500 Internal Server Error in 266ms (ActiveRecord: 0.0ms | Allocations: 98919)


  
NameError (undefined local variable or method `email_params' for #<EmailController:0x00007f85d8f8f358>
Did you mean?  email_create_path):
  
app/controllers/email_controller.rb:7:in `create'
Started POST "/email_create" for ::1 at 2020-08-28 00:14:37 +0200
Processing by EmailController#create as JS
  Parameters: {"objet"=>"p", "text"=>"po", "commit"=>"create"}
Completed 500 Internal Server Error in 317ms (ActiveRecord: 0.0ms | Allocations: 98908)


  
NameError (undefined local variable or method `email_params' for #<EmailController:0x00007f85d85520e8>
Did you mean?  email_create_path):
  
app/controllers/email_controller.rb:7:in `create'
Started POST "/email_create" for ::1 at 2020-08-28 00:14:39 +0200
Processing by EmailController#create as JS
  Parameters: {"objet"=>"p", "text"=>"po", "commit"=>"create"}
Completed 500 Internal Server Error in 259ms (ActiveRecord: 0.0ms | Allocations: 98908)


  
NameError (undefined local variable or method `email_params' for #<EmailController:0x00007f85df9bcd98>
Did you mean?  email_create_path):
  
app/controllers/email_controller.rb:7:in `create'
Started POST "/email_create" for ::1 at 2020-08-28 00:14:40 +0200
Processing by EmailController#create as JS
  Parameters: {"objet"=>"p", "text"=>"po", "commit"=>"create"}
Completed 500 Internal Server Error in 309ms (ActiveRecord: 0.0ms | Allocations: 98911)


  
NameError (undefined local variable or method `email_params' for #<EmailController:0x00007f85d9cf1b90>
Did you mean?  email_create_path):
  
app/controllers/email_controller.rb:7:in `create'
Started POST "/email_create" for ::1 at 2020-08-28 00:14:42 +0200
Processing by EmailController#create as JS
  Parameters: {"objet"=>"p", "text"=>"po", "commit"=>"create"}
Completed 500 Internal Server Error in 277ms (ActiveRecord: 0.0ms | Allocations: 98909)


  
NameError (undefined local variable or method `email_params' for #<EmailController:0x00007f85d9e4e3d0>
Did you mean?  email_create_path):
  
app/controllers/email_controller.rb:7:in `create'
Started POST "/email_create" for ::1 at 2020-08-28 00:14:43 +0200
Processing by EmailController#create as JS
  Parameters: {"objet"=>"p", "text"=>"po", "commit"=>"create"}
Completed 500 Internal Server Error in 286ms (ActiveRecord: 0.0ms | Allocations: 98908)


  
NameError (undefined local variable or method `email_params' for #<EmailController:0x00007f85e0053dc8>
Did you mean?  email_create_path):
  
app/controllers/email_controller.rb:7:in `create'
